<?xml version="1.0" encoding="UTF-8"?>
<coverage generated="1678180846444" clover="3.2.0">
  <project timestamp="1678180846444" name="All files">
    <metrics statements="23" coveredstatements="23" conditionals="11" coveredconditionals="11" methods="4" coveredmethods="4" elements="38" coveredelements="38" complexity="0" loc="23" ncloc="23" packages="1" files="2" classes="2"/>
    <file name="CircularBuffer.ts" path="D:\react\react-unit-test\mocks\CircularBuffer.ts">
      <metrics statements="15" coveredstatements="15" conditionals="3" coveredconditionals="3" methods="3" coveredmethods="3"/>
      <line num="1" count="1" type="stmt"/>
      <line num="2" count="5" type="stmt"/>
      <line num="3" count="5" type="stmt"/>
      <line num="4" count="5" type="stmt"/>
      <line num="6" count="5" type="stmt"/>
      <line num="11" count="5" type="stmt"/>
      <line num="21" count="13" type="stmt"/>
      <line num="22" count="13" type="cond" truecount="2" falsecount="0"/>
      <line num="23" count="1" type="stmt"/>
      <line num="25" count="12" type="stmt"/>
      <line num="27" count="13" type="stmt"/>
      <line num="32" count="8" type="stmt"/>
      <line num="33" count="8" type="stmt"/>
      <line num="34" count="8" type="stmt"/>
      <line num="36" count="8" type="stmt"/>
    </file>
    <file name="FizzBuzz.ts" path="D:\react\react-unit-test\mocks\FizzBuzz.ts">
      <metrics statements="8" coveredstatements="8" conditionals="8" coveredconditionals="8" methods="1" coveredmethods="1"/>
      <line num="1" count="2" type="stmt"/>
      <line num="4" count="19" type="cond" truecount="4" falsecount="0"/>
      <line num="5" count="2" type="stmt"/>
      <line num="6" count="17" type="cond" truecount="2" falsecount="0"/>
      <line num="7" count="5" type="stmt"/>
      <line num="8" count="12" type="cond" truecount="2" falsecount="0"/>
      <line num="9" count="3" type="stmt"/>
      <line num="11" count="9" type="stmt"/>
    </file>
  </project>
</coverage>
