{"D:\\react\\react-unit-test\\mocks\\CircularBuffer.ts": {"path":"D:\\react\\react-unit-test\\mocks\\CircularBuffer.ts","statementMap":{"0":{"start":{"line":2,"column":2},"end":{"line":2,"column":null}},"1":{"start":{"line":3,"column":2},"end":{"line":3,"column":null}},"2":{"start":{"line":4,"column":2},"end":{"line":4,"column":null}},"3":{"start":{"line":6,"column":2},"end":{"line":6,"column":null}},"4":{"start":{"line":11,"column":4},"end":{"line":11,"column":null}},"5":{"start":{"line":21,"column":4},"end":{"line":21,"column":null}},"6":{"start":{"line":22,"column":4},"end":{"line":26,"column":null}},"7":{"start":{"line":23,"column":6},"end":{"line":23,"column":null}},"8":{"start":{"line":25,"column":6},"end":{"line":25,"column":null}},"9":{"start":{"line":27,"column":4},"end":{"line":27,"column":null}},"10":{"start":{"line":32,"column":19},"end":{"line":32,"column":50}},"11":{"start":{"line":33,"column":4},"end":{"line":33,"column":40}},"12":{"start":{"line":34,"column":4},"end":{"line":34,"column":null}},"13":{"start":{"line":36,"column":4},"end":{"line":36,"column":null}},"14":{"start":{"line":1,"column":0},"end":{"line":1,"column":13}}},"fnMap":{"0":{"name":"(anonymous_0)","decl":{"start":{"line":10,"column":2},"end":{"line":10,"column":14}},"loc":{"start":{"line":10,"column":29},"end":{"line":12,"column":3}}},"1":{"name":"(anonymous_1)","decl":{"start":{"line":14,"column":9},"end":{"line":14,"column":12}},"loc":{"start":{"line":14,"column":24},"end":{"line":28,"column":3}}},"2":{"name":"(anonymous_2)","decl":{"start":{"line":31,"column":9},"end":{"line":31,"column":12}},"loc":{"start":{"line":31,"column":12},"end":{"line":37,"column":3}}}},"branchMap":{"0":{"loc":{"start":{"line":10,"column":14},"end":{"line":10,"column":29}},"type":"default-arg","locations":[{"start":{"line":10,"column":28},"end":{"line":10,"column":29}}]},"1":{"loc":{"start":{"line":22,"column":4},"end":{"line":26,"column":null}},"type":"if","locations":[{"start":{"line":22,"column":4},"end":{"line":26,"column":null}},{"start":{"line":24,"column":11},"end":{"line":26,"column":null}}]}},"s":{"0":5,"1":5,"2":5,"3":5,"4":5,"5":13,"6":13,"7":1,"8":12,"9":13,"10":8,"11":8,"12":8,"13":8,"14":1},"f":{"0":5,"1":13,"2":8},"b":{"0":[5],"1":[1,12]}}
,"D:\\react\\react-unit-test\\mocks\\FizzBuzz.ts": {"path":"D:\\react\\react-unit-test\\mocks\\FizzBuzz.ts","statementMap":{"0":{"start":{"line":4,"column":4},"end":{"line":12,"column":null}},"1":{"start":{"line":5,"column":6},"end":{"line":5,"column":null}},"2":{"start":{"line":6,"column":11},"end":{"line":12,"column":null}},"3":{"start":{"line":7,"column":6},"end":{"line":7,"column":null}},"4":{"start":{"line":8,"column":11},"end":{"line":12,"column":null}},"5":{"start":{"line":9,"column":6},"end":{"line":9,"column":null}},"6":{"start":{"line":11,"column":6},"end":{"line":11,"column":null}},"7":{"start":{"line":1,"column":0},"end":{"line":1,"column":13}}},"fnMap":{"0":{"name":"(anonymous_0)","decl":{"start":{"line":3,"column":9},"end":{"line":3,"column":12}},"loc":{"start":{"line":3,"column":23},"end":{"line":13,"column":3}}}},"branchMap":{"0":{"loc":{"start":{"line":4,"column":4},"end":{"line":12,"column":null}},"type":"if","locations":[{"start":{"line":4,"column":4},"end":{"line":12,"column":null}},{"start":{"line":6,"column":11},"end":{"line":12,"column":null}}]},"1":{"loc":{"start":{"line":4,"column":8},"end":{"line":4,"column":38}},"type":"binary-expr","locations":[{"start":{"line":4,"column":8},"end":{"line":4,"column":21}},{"start":{"line":4,"column":25},"end":{"line":4,"column":38}}]},"2":{"loc":{"start":{"line":6,"column":11},"end":{"line":12,"column":null}},"type":"if","locations":[{"start":{"line":6,"column":11},"end":{"line":12,"column":null}},{"start":{"line":8,"column":11},"end":{"line":12,"column":null}}]},"3":{"loc":{"start":{"line":8,"column":11},"end":{"line":12,"column":null}},"type":"if","locations":[{"start":{"line":8,"column":11},"end":{"line":12,"column":null}},{"start":{"line":10,"column":11},"end":{"line":12,"column":null}}]}},"s":{"0":19,"1":2,"2":17,"3":5,"4":12,"5":3,"6":9,"7":2},"f":{"0":19},"b":{"0":[2,17],"1":[19,7],"2":[5,12],"3":[3,9]}}
}
