TN:
SF:mocks\CircularBuffer.ts
FN:10,(anonymous_0)
FN:14,(anonymous_1)
FN:31,(anonymous_2)
FNF:3
FNH:3
FNDA:5,(anonymous_0)
FNDA:13,(anonymous_1)
FNDA:8,(anonymous_2)
DA:1,1
DA:2,5
DA:3,5
DA:4,5
DA:6,5
DA:11,5
DA:21,13
DA:22,13
DA:23,1
DA:25,12
DA:27,13
DA:32,8
DA:33,8
DA:34,8
DA:36,8
LF:15
LH:15
BRDA:10,0,0,5
BRDA:22,1,0,1
BRDA:22,1,1,12
BRF:3
BRH:3
end_of_record
TN:
SF:mocks\FizzBuzz.ts
FN:3,(anonymous_0)
FNF:1
FNH:1
FNDA:19,(anonymous_0)
DA:1,2
DA:4,19
DA:5,2
DA:6,17
DA:7,5
DA:8,12
DA:9,3
DA:11,9
LF:8
LH:8
BRDA:4,0,0,2
BRDA:4,0,1,17
BRDA:4,1,0,19
BRDA:4,1,1,7
BRDA:6,2,0,5
BRDA:6,2,1,12
BRDA:8,3,0,3
BRDA:8,3,1,9
BRF:8
BRH:8
end_of_record
